$ next build
⚠ Warning: Next.js inferred your workspace root, but it may not be correct.
 We detected multiple lockfiles and selected the directory of /Users/Noah/package-lock.json as the root directory.
 To silence this warning, set `turbopack.root` in your Next.js config, or consider removing one of the lockfiles if it's not needed.
   See https://nextjs.org/docs/app/api-reference/config/next-config-js/turbopack#root-directory for more information.
 Detected additional lockfiles: 
   * /Users/Noah/Documents/Next/Projects/park-addis/package-lock.json

▲ Next.js 16.1.6 (Turbopack)

  Creating an optimized production build ...
✓ Compiled successfully in 6.1s
  Running TypeScript ...
  Collecting page data using 7 workers ...
Error: DATABASE_URL: Not Found
    at te (.next/server/chunks/Documents_Next_Projects_park-addis_d132f8a8._.js:28:46729)
    at module evaluation (.next/server/chunks/Documents_Next_Projects_park-addis_d132f8a8._.js:28:46867)
    at instantiateModule (.next/server/chunks/[turbopack]_runtime.js:740:9)
    at getOrInstantiateModuleFromParent (.next/server/chunks/[turbopack]_runtime.js:763:12)
    at Context.esmImport [as i] (.next/server/chunks/[turbopack]_runtime.js:228:20)
    at module evaluation (.next/server/chunks/[root-of-the-server]__e0a9d351._.js:1:2915)
    at instantiateModule (.next/server/chunks/[turbopack]_runtime.js:740:9)
    at getOrInstantiateModuleFromParent (.next/server/chunks/[turbopack]_runtime.js:763:12)
    at Context.esmImport [as i] (.next/server/chunks/[turbopack]_runtime.js:228:20)
    at module evaluation (.next/server/chunks/[root-of-the-server]__e0a9d351._.js:1:4374)

> Build error occurred
Error: Failed to collect page data for /api/logout
    at ignore-listed frames {
  type: 'Error'
}
error: script "build" exited with code 1
